2024-01-22 14:21:47.400 [info] Reading sessions from keychain...
2024-01-22 14:21:47.400 [info] Getting sessions for all scopes...
2024-01-22 14:21:47.400 [info] Got 0 sessions for ...
2024-01-22 14:21:47.400 [info] Getting sessions for read:user...
2024-01-22 14:21:47.400 [info] Got 0 sessions for read:user...
2024-01-22 14:21:47.400 [info] Getting sessions for user:email...
2024-01-22 14:21:47.400 [info] Got 0 sessions for user:email...
2024-01-22 14:21:47.477 [info] Getting sessions for user:email...
2024-01-22 14:21:47.477 [info] Got 0 sessions for user:email...
2024-01-22 14:21:47.482 [info] Getting sessions for read:user...
2024-01-22 14:21:47.482 [info] Got 0 sessions for read:user...
2024-01-22 14:21:50.115 [info] Getting sessions for read:user...
2024-01-22 14:21:50.115 [info] Got 0 sessions for read:user...
2024-01-22 14:21:50.116 [info] Getting sessions for user:email...
2024-01-22 14:21:50.116 [info] Got 0 sessions for user:email...
2024-01-22 14:21:50.117 [info] Getting sessions for read:user...
2024-01-22 14:21:50.117 [info] Got 0 sessions for read:user...
2024-01-22 14:21:50.118 [info] Getting sessions for user:email...
2024-01-22 14:21:50.118 [info] Got 0 sessions for user:email...
2024-01-22 14:21:51.143 [info] Logging in for the following scopes: user:email
2024-01-22 14:21:51.151 [info] Trying without local server... (user:email)
2024-01-22 14:23:18.162 [error] User Cancelled
2024-01-22 14:26:59.123 [info] Reading sessions from keychain...
2024-01-22 14:26:59.123 [info] Getting sessions for all scopes...
2024-01-22 14:26:59.123 [info] Got 0 sessions for ...
2024-01-22 14:26:59.123 [info] Getting sessions for read:user...
2024-01-22 14:26:59.123 [info] Got 0 sessions for read:user...
2024-01-22 14:26:59.124 [info] Getting sessions for user:email...
2024-01-22 14:26:59.124 [info] Got 0 sessions for user:email...
2024-01-22 14:26:59.243 [info] Getting sessions for user:email...
2024-01-22 14:26:59.243 [info] Got 0 sessions for user:email...
2024-01-22 14:26:59.249 [info] Getting sessions for read:user...
2024-01-22 14:26:59.249 [info] Got 0 sessions for read:user...
